Arguments: 
  /usr/local/bin/node /usr/local/Cellar/yarn/1.12.3/libexec/bin/yarn.js install

PATH: 
  /usr/local/bin:/usr/bin:/bin:/usr/sbin:/sbin:/usr/local/mysql/bin

Yarn version: 
  1.12.3

Node version: 
  11.2.0

Platform: 
  darwin x64

Trace: 
  SyntaxError: /Users/sunsunnydxx/github/react-comp/Dialog/package.json: Unexpected string in JSON at position 1675
      at JSON.parse (<anonymous>)
      at /usr/local/Cellar/yarn/1.12.3/libexec/lib/cli.js:1631:59
      at Generator.next (<anonymous>)
      at step (/usr/local/Cellar/yarn/1.12.3/libexec/lib/cli.js:304:30)
      at /usr/local/Cellar/yarn/1.12.3/libexec/lib/cli.js:315:13

npm manifest: 
  {
    "name": "Dialog",
    "version": "0.0.1",
    "description": "An awesome libary",
    "main": "index.js",
    "scripts": {
      "clean": "rimraf dist/",
      "dist": "npm run clean && webpack --config ./dev/webpack.config.js",
      "example": "webpack --config ./dev/webpack.example.js",
      "start": "node ./dev/serve.js",
      "prepublishOnly": "npm run dist && npm run example",
      "pub": "npm publish --access public",
      "test": "node ./dev/jest/start.js",
      "test:coverage": "npm run test -- --coverage",
      "ghpages": "npm run example && git subtree push --prefix example-dist/ origin gh-pages",
      "coverage": "cat ./coverage/lcov.info | coveralls"
    },
    "repository": {
      "type": "git",
      "url": ""
    },
    "author": "moonlit",
    "license": "MIT",
    "bugs": {
      "url": ""
    },
    "homepage": "",
    "devDependencies": {
      "autoprefixer": "^8.2.0",
      "babel-core": "^6.26.3",
      "babel-loader": "^7.1.5",
      "babel-preset-env": "^1.7.0",
      "babel-preset-react": "^6.24.1",
      "babel-preset-stage-2": "^6.24.1",
      "coveralls": "^3.0.2",
      "css-loader": "^0.28.11",
      "enzyme": "^3.3.0",
      "enzyme-adapter-react-16": "^1.1.1",
      "html-webpack-plugin": "^3.2.0",
      "jest": "^23.6.0",
      "node-sass": "^4.8.3",
      "postcss": "^6.0.21",
      "postcss-loader": "^2.1.3",
      "prop-types": "^15.6.1",
      "raf": "^3.4.1",
      "rimraf": "^2.6.2",
      "sass-loader": "^6.0.7",
      "style-loader": "^0.20.3",
      "webpack": "^4.26.1",
      "webpack-cli": "^3.1.2",
      "webpack-merge": "^4.1.4",
      "webpack-serve": "^2.0.3",
      "extract-text-webpack-plugin": "^3.0.2",
      "react": "^16.6.3",
      "react-dom": "^16.6.3",
      "ts-loader": "^5.3.0"
      "typescript": "^2.9.2",
    },
    "dependencies": {
    },
    "jest": {
      "collectCoverageFrom": [
        "src/**/*.{js,jsx,mjs}"
      ],
      "setupFiles": [
        "<rootDir>/dev/jest/setup.js"
      ],
      "moduleNameMapper": {
        "\\.(jpg|jpeg|png|gif|eot|otf|webp|svg|ttf|woff|woff2|mp4|webm|wav|mp3|m4a|aac|oga)$": "<rootDir>/__mocks__/fileMock.js",
        "\\.(css|scss)$": "<rootDir>/__mocks__/style-mock.js"
      },
      "testMatch": [
        "<rootDir>/**/__tests__/**/?(*.)(spec|test).{js,jsx,mjs}",
        "<rootDir>/src/**/?(*.)(spec|test).{js,jsx,mjs}"
      ]
    }
  }

yarn manifest: 
  No manifest

Lockfile: 
  No lockfile
